<?xml version="1.0" encoding="UTF-8"?>
<testsuite xmlns:xsi="http://www.w3.org/2001/XMLSchema-instance" xsi:noNamespaceSchemaLocation="https://maven.apache.org/surefire/maven-surefire-plugin/xsd/surefire-test-report-3.0.xsd" version="3.0" name="SumArrayTest" time="0.03" tests="5" errors="0" skipped="0" failures="0">
  <properties>
[...]
</properties>
  <testcase name="testGauss" classname="SumArrayTest" time="0.014"/>
  <testcase name="testNormalSum" classname="SumArrayTest" time="0.001"/>
  <testcase name="testBienTren" classname="SumArrayTest" time="0.001"/>
  <testcase name="testOnDinh" classname="SumArrayTest" time="0.001"/>
  <testcase name="testChongTran" classname="SumArrayTest" time="0.001"/>
</testsuite>